<?xml version="1.0" encoding="UTF-8"?>
<!-- Generated by org.testng.reporters.JUnitXMLReporter -->
<testsuite ignored="0" hostname="Israel" failures="1" tests="3" name="Test" time="64.629" errors="0" timestamp="2023-09-04T15:25:57 WAT">
  <testcase classname="com.qa.tests.LoginTests" name="invalidEmailOrPhone" time="11.393"/>
  <testcase classname="com.qa.tests.LoginTests" name="invalidPassword" time="6.512"/>
  <testcase classname="com.qa.tests.LoginTests" name="successfulLogin" time="9.65">
    <failure type="java.lang.IllegalMonitorStateException" message="current thread is not owner">
      <![CDATA[java.lang.IllegalMonitorStateException: current thread is not owner
at java.base/java.lang.Object.wait(Native Method)
at com.qa.tests.LoginTests.successfulLogin(LoginTests.java:119)
at java.base/java.util.ArrayList.forEach(ArrayList.java:1511)
... Removed 27 stack frames]]>
    </failure>
  </testcase> <!-- successfulLogin -->
</testsuite> <!-- Test -->
