<?xml version="1.0" encoding="UTF-8"?>
<testng-results ignored="0" total="3" passed="3" failed="0" skipped="0">
  <reporter-output>
  </reporter-output>
  <suite started-at="2023-08-28T17:27:13 WAT" name="Suite" finished-at="2023-08-28T17:28:16 WAT" duration-ms="63194">
    <groups>
    </groups>
    <test started-at="2023-08-28T17:27:13 WAT" name="Test" finished-at="2023-08-28T17:28:16 WAT" duration-ms="63194">
      <class name="com.qa.tests.LoginTests">
        <test-method is-config="true" signature="beforeTest()[pri:0, instance:com.qa.tests.LoginTests@1ff4931d]" started-at="2023-08-28T17:27:13 WAT" name="beforeTest" finished-at="2023-08-28T17:27:40 WAT" duration-ms="27100" status="PASS">
          <reporter-output>
          </reporter-output>
        </test-method> <!-- beforeTest -->
        <test-method is-config="true" signature="beforeClass()[pri:0, instance:com.qa.tests.LoginTests@1ff4931d]" started-at="2023-08-28T17:27:40 WAT" name="beforeClass" finished-at="2023-08-28T17:27:40 WAT" duration-ms="0" status="PASS">
          <reporter-output>
          </reporter-output>
        </test-method> <!-- beforeClass -->
        <test-method is-config="true" signature="beforeMethod(java.lang.reflect.Method)[pri:0, instance:com.qa.tests.LoginTests@1ff4931d]" started-at="2023-08-28T17:27:40 WAT" name="beforeMethod" finished-at="2023-08-28T17:27:41 WAT" duration-ms="712" status="PASS">
          <params>
            <param index="0">
              <value>
                <![CDATA[public void com.qa.tests.LoginTests.invalidEmailOrPhone()]]>
              </value>
            </param>
          </params>
          <reporter-output>
          </reporter-output>
        </test-method> <!-- beforeMethod -->
        <test-method signature="invalidEmailOrPhone()[pri:0, instance:com.qa.tests.LoginTests@1ff4931d]" started-at="2023-08-28T17:27:41 WAT" name="invalidEmailOrPhone" finished-at="2023-08-28T17:27:56 WAT" duration-ms="14982" status="PASS">
          <reporter-output>
          </reporter-output>
        </test-method> <!-- invalidEmailOrPhone -->
        <test-method is-config="true" signature="afterMethod()[pri:0, instance:com.qa.tests.LoginTests@1ff4931d]" started-at="2023-08-28T17:27:56 WAT" name="afterMethod" finished-at="2023-08-28T17:27:56 WAT" duration-ms="0" status="PASS">
          <reporter-output>
          </reporter-output>
        </test-method> <!-- afterMethod -->
        <test-method is-config="true" signature="beforeMethod(java.lang.reflect.Method)[pri:0, instance:com.qa.tests.LoginTests@1ff4931d]" started-at="2023-08-28T17:27:56 WAT" name="beforeMethod" finished-at="2023-08-28T17:27:56 WAT" duration-ms="176" status="PASS">
          <params>
            <param index="0">
              <value>
                <![CDATA[public void com.qa.tests.LoginTests.invalidPassword()]]>
              </value>
            </param>
          </params>
          <reporter-output>
          </reporter-output>
        </test-method> <!-- beforeMethod -->
        <test-method signature="invalidPassword()[pri:0, instance:com.qa.tests.LoginTests@1ff4931d]" started-at="2023-08-28T17:27:56 WAT" name="invalidPassword" finished-at="2023-08-28T17:28:06 WAT" duration-ms="9515" status="PASS">
          <reporter-output>
          </reporter-output>
        </test-method> <!-- invalidPassword -->
        <test-method is-config="true" signature="beforeMethod(java.lang.reflect.Method)[pri:0, instance:com.qa.tests.LoginTests@1ff4931d]" started-at="2023-08-28T17:28:06 WAT" name="beforeMethod" finished-at="2023-08-28T17:28:06 WAT" duration-ms="140" status="PASS">
          <params>
            <param index="0">
              <value>
                <![CDATA[public void com.qa.tests.LoginTests.successfulLogin()]]>
              </value>
            </param>
          </params>
          <reporter-output>
          </reporter-output>
        </test-method> <!-- beforeMethod -->
        <test-method is-config="true" signature="afterMethod()[pri:0, instance:com.qa.tests.LoginTests@1ff4931d]" started-at="2023-08-28T17:28:06 WAT" name="afterMethod" finished-at="2023-08-28T17:28:06 WAT" duration-ms="0" status="PASS">
          <reporter-output>
          </reporter-output>
        </test-method> <!-- afterMethod -->
        <test-method signature="successfulLogin()[pri:0, instance:com.qa.tests.LoginTests@1ff4931d]" started-at="2023-08-28T17:28:06 WAT" name="successfulLogin" finished-at="2023-08-28T17:28:16 WAT" duration-ms="9816" status="PASS">
          <reporter-output>
          </reporter-output>
        </test-method> <!-- successfulLogin -->
        <test-method is-config="true" signature="afterMethod()[pri:0, instance:com.qa.tests.LoginTests@1ff4931d]" started-at="2023-08-28T17:28:16 WAT" name="afterMethod" finished-at="2023-08-28T17:28:16 WAT" duration-ms="0" status="PASS">
          <reporter-output>
          </reporter-output>
        </test-method> <!-- afterMethod -->
        <test-method is-config="true" signature="afterClass()[pri:0, instance:com.qa.tests.LoginTests@1ff4931d]" started-at="2023-08-28T17:28:16 WAT" name="afterClass" finished-at="2023-08-28T17:28:16 WAT" duration-ms="0" status="PASS">
          <reporter-output>
          </reporter-output>
        </test-method> <!-- afterClass -->
        <test-method is-config="true" signature="afterTest()[pri:0, instance:com.qa.tests.LoginTests@1ff4931d]" started-at="2023-08-28T17:28:16 WAT" name="afterTest" finished-at="2023-08-28T17:28:16 WAT" duration-ms="725" status="PASS">
          <reporter-output>
          </reporter-output>
        </test-method> <!-- afterTest -->
      </class> <!-- com.qa.tests.LoginTests -->
    </test> <!-- Test -->
  </suite> <!-- Suite -->
</testng-results>
